<?xml version="1.0" encoding="UTF-8"?>
<!-- Generated by org.testng.reporters.JUnitXMLReporter -->
<testsuite ignored="2" hostname="CLI-NBL-20-0304" failures="1" tests="5" name="Car Loan" time="0.035" errors="0" timestamp="2020-12-13T19:00:50 IST">
  <testcase classname="test.day3" name="MobileDemo" time="0.004">
    <failure type="java.lang.AssertionError" message="expected [true] but found [false]">
      <![CDATA[java.lang.AssertionError: expected [true] but found [false]
at test.day3.MobileDemo(day3.java:34)
at java.base/java.util.ArrayList.forEach(ArrayList.java:1511)
... Removed 31 stack frames]]>
    </failure>
  </testcase> <!-- MobileDemo -->
  <testcase classname="test.day3" name="MobileLoginincarLoan" time="0.001"/>
  <testcase classname="test.day3" name="MobilesignoutcarLoan" time="0.001"/>
  <testcase classname="test.day3" name="MobilesignoutcarLoan" time="0.001"/>
  <testcase classname="test.day3" name="MobilesignoutcarLoan" time="0.001"/>
  <testcase classname="test.day3" name="LoginAPIcarLoan" time="0.0">
    <ignored/>
  </testcase> <!-- LoginAPIcarLoan -->
  <testcase classname="test.day3" name="WebloginCarLoan" time="0.0">
    <ignored/>
  </testcase> <!-- WebloginCarLoan -->
</testsuite> <!-- Car Loan -->
