<?xml version="1.0" encoding="UTF-8"?>
<!-- Generated by org.testng.reporters.JUnitXMLReporter -->
<testsuite ignored="0" hostname="CLI-NBL-20-0304" failures="0" tests="6" name="Personal Loan" time="0.066" errors="0" timestamp="2020-12-13T02:09:30 IST">
  <testcase classname="test.day1" name="Demo" time="0.008"/>
  <testcase classname="test.day1" name="LocalParameterCatch" time="0.002"/>
  <testcase classname="test.day1" name="MultipleParameterCatch" time="0.002"/>
  <testcase classname="test.day1" name="SecondTest" time="0.001"/>
  <testcase classname="test.day2" name="catchParameters" time="0.001"/>
  <testcase classname="test.day2" name="ploan" time="0.002"/>
</testsuite> <!-- Personal Loan -->
