<?xml version="1.0" encoding="UTF-8"?>
<!-- Generated by org.testng.reporters.JUnitXMLReporter -->
<testsuite ignored="11" hostname="CLI-NBL-20-0304" failures="0" tests="3" name="Regression" time="0.044" errors="0" timestamp="2021-01-11T10:42:48 IST">
  <testcase classname="test.day2" name="ploan" time="0.008"/>
  <testcase classname="test.day3" name="MobileLoginincarLoan" time="0.001"/>
  <testcase classname="test.day4" name="MobileLoginHomeLoan" time="0.001"/>
  <testcase classname="test.day3" name="LoginAPIcarLoan" time="0.0">
    <ignored/>
  </testcase> <!-- LoginAPIcarLoan -->
  <testcase classname="test.day4" name="WebloginHomeLoan" time="0.0">
    <ignored/>
  </testcase> <!-- WebloginHomeLoan -->
  <testcase classname="test.day2" name="catchParameters" time="0.0">
    <ignored/>
  </testcase> <!-- catchParameters -->
  <testcase classname="test.day3" name="MobilesignoutcarLoan" time="0.0">
    <ignored/>
  </testcase> <!-- MobilesignoutcarLoan -->
  <testcase classname="test.day1" name="SecondTest" time="0.0">
    <ignored/>
  </testcase> <!-- SecondTest -->
  <testcase classname="test.day1" name="MultipleParameterCatch" time="0.0">
    <ignored/>
  </testcase> <!-- MultipleParameterCatch -->
  <testcase classname="test.day3" name="WebloginCarLoan" time="0.0">
    <ignored/>
  </testcase> <!-- WebloginCarLoan -->
  <testcase classname="test.day3" name="MobileDemo" time="0.0">
    <ignored/>
  </testcase> <!-- MobileDemo -->
  <testcase classname="test.day1" name="Demo" time="0.0">
    <ignored/>
  </testcase> <!-- Demo -->
  <testcase classname="test.day1" name="LocalParameterCatch" time="0.0">
    <ignored/>
  </testcase> <!-- LocalParameterCatch -->
  <testcase classname="test.day4" name="LoginAPIHomeLoan" time="0.0">
    <ignored/>
  </testcase> <!-- LoginAPIHomeLoan -->
</testsuite> <!-- Regression -->
